<!DOCTYPE html PUBLIC "-//W3C//DTD XHTML 1.1//EN" "https://www.w3.org/TR/xhtml11/DTD/xhtml11.dtd">
<html xmlns="https://www.w3.org/1999/xhtml">
<head>
<meta http-equiv="content-type" content="text/html; charset=UTF-8"/>
<title>TestNG Report</title>
<style type="text/css">table {margin-bottom:10px;border-collapse:collapse;empty-cells:show}th,td {border:1px solid #009;padding:.25em .5em}th {vertical-align:bottom}td {vertical-align:top}table a {font-weight:bold}.stripe td {background-color: #E6EBF9}.num {text-align:right}.passedodd td {background-color: #3F3}.passedeven td {background-color: #0A0}.skippedodd td {background-color: #DDD}.skippedeven td {background-color: #CCC}.failedodd td,.attn {background-color: #F33}.failedeven td,.stripe .attn {background-color: #D00}.stacktrace {white-space:pre;font-family:monospace}.totop {font-size:85%;text-align:center;border-bottom:2px solid #000}.invisible {display:none}</style>
</head>
<body>
<table>
<tr><th>Test</th><th># Passed</th><th># Skipped</th><th># Retried</th><th># Failed</th><th>Time (ms)</th><th>Included Groups</th><th>Excluded Groups</th></tr>
<tr><th colspan="8">Default suite</th></tr>
<tr><td><a href="#t0">Default test</a></td><td class="num">16</td><td class="num">0</td><td class="num">0</td><td class="num attn">3</td><td class="num">54,359</td><td></td><td></td></tr>
</table>
<table id='summary'><thead><tr><th>Class</th><th>Method</th><th>Start</th><th>Time (ms)</th></tr></thead><tbody><tr><th colspan="4">Default suite</th></tr></tbody><tbody id="t0"><tr><th colspan="4">Default test &#8212; failed</th></tr><tr class="failedeven"><td rowspan="3">lms.LibraryManagementSystem.tests.LMSTest</td><td><a href="#m0">AddBookWithInvalidDateAndConfirm</a></td><td rowspan="1">1740957476805</td><td rowspan="1">2843</td></tr><tr class="failedeven"><td><a href="#m1">DeleteAllBooksAndConfirmPageInfo</a></td><td rowspan="1">1740957479818</td><td rowspan="1">5262</td></tr><tr class="failedeven"><td><a href="#m2">LogOutPageRedirectionValidation</a></td><td rowspan="1">1740957493777</td><td rowspan="1">4171</td></tr><tr><th colspan="4">Default test &#8212; passed</th></tr><tr class="passedeven"><td rowspan="16">lms.LibraryManagementSystem.tests.LMSTest</td><td><a href="#m3">AddBookAndConfirm</a></td><td rowspan="1">1740957450181</td><td rowspan="1">4135</td></tr><tr class="passedeven"><td><a href="#m4">AddBookPageURLCheck</a></td><td rowspan="1">1740957454539</td><td rowspan="1">2787</td></tr><tr class="passedeven"><td><a href="#m5">AddBookWithBlankAuthorAndConfirm</a></td><td rowspan="1">1740957457487</td><td rowspan="1">2611</td></tr><tr class="passedeven"><td><a href="#m6">AddBookWithBlankDateAndConfirm</a></td><td rowspan="1">1740957460263</td><td rowspan="1">2512</td></tr><tr class="passedeven"><td><a href="#m7">AddBookWithBlankGenreAndConfirm</a></td><td rowspan="1">1740957462936</td><td rowspan="1">2874</td></tr><tr class="passedeven"><td><a href="#m8">AddBookWithBlankISBNAndConfirm</a></td><td rowspan="1">1740957465999</td><td rowspan="1">2617</td></tr><tr class="passedeven"><td><a href="#m9">AddBookWithBlankPriceAndConfirm</a></td><td rowspan="1">1740957468773</td><td rowspan="1">2515</td></tr><tr class="passedeven"><td><a href="#m10">AddBookWithBlankTitleAndConfirm</a></td><td rowspan="1">1740957471480</td><td rowspan="1">2439</td></tr><tr class="passedeven"><td><a href="#m11">AddBookWithInvalidDataOrBlankSubmissionAndConfirm</a></td><td rowspan="1">1740957474109</td><td rowspan="1">2537</td></tr><tr class="passedeven"><td><a href="#m12">DeleteBookAndConfirm</a></td><td rowspan="1">1740957485257</td><td rowspan="1">2667</td></tr><tr class="passedeven"><td><a href="#m13">EditBookPageURLCheck</a></td><td rowspan="1">1740957488090</td><td rowspan="1">1851</td></tr><tr class="passedeven"><td><a href="#m14">InvalidUserLoginFailErrorMessageValidation</a></td><td rowspan="1">1740957490095</td><td rowspan="1">1852</td></tr><tr class="passedeven"><td><a href="#m15">InvokeLoginPageFromTaskPageLink</a></td><td rowspan="1">1740957492087</td><td rowspan="1">1572</td></tr><tr class="passedeven"><td><a href="#m16">LoginWithBlankSubmissionErrorMessageValidation</a></td><td rowspan="1">1740957498111</td><td rowspan="1">1763</td></tr><tr class="passedeven"><td><a href="#m17">editBookWithBlankTitleAndConfirm</a></td><td rowspan="1">1740957500022</td><td rowspan="1">2068</td></tr><tr class="passedeven"><td><a href="#m18">editBookWithValidateAndConfirm</a></td><td rowspan="1">1740957502249</td><td rowspan="1">2101</td></tr></tbody>
</table>
<h2>Default test</h2><h3 id="m0">lms.LibraryManagementSystem.tests.LMSTest#AddBookWithInvalidDateAndConfirm</h3><table class="result"><tr><th>Exception</th></tr><tr><td><div class="stacktrace">java.lang.AssertionError: expected [https://applicationforlibrarymanagementsystem.onrender.com/add-book] but found [https://applicationforlibrarymanagementsystem.onrender.com/books]
	at org.testng.Assert.fail(Assert.java:111)
	at org.testng.Assert.failNotEquals(Assert.java:1590)
	at org.testng.Assert.assertEqualsImpl(Assert.java:150)
	at org.testng.Assert.assertEquals(Assert.java:132)
	at org.testng.Assert.assertEquals(Assert.java:656)
	at org.testng.Assert.assertEquals(Assert.java:666)
	at lms.LibraryManagementSystem.tests.LMSTest.AddBookWithInvalidDateAndConfirm(LMSTest.java:171)
	at java.base/jdk.internal.reflect.NativeMethodAccessorImpl.invoke0(Native Method)
	at java.base/jdk.internal.reflect.NativeMethodAccessorImpl.invoke(NativeMethodAccessorImpl.java:77)
	at java.base/jdk.internal.reflect.DelegatingMethodAccessorImpl.invoke(DelegatingMethodAccessorImpl.java:43)
	at java.base/java.lang.reflect.Method.invoke(Method.java:568)
	at org.testng.internal.invokers.MethodInvocationHelper.invokeMethod(MethodInvocationHelper.java:141)
	at org.testng.internal.invokers.TestInvoker.invokeMethod(TestInvoker.java:687)
	at org.testng.internal.invokers.TestInvoker.invokeTestMethod(TestInvoker.java:230)
	at org.testng.internal.invokers.MethodRunner.runInSequence(MethodRunner.java:63)
	at org.testng.internal.invokers.TestInvoker$MethodInvocationAgent.invoke(TestInvoker.java:995)
	at org.testng.internal.invokers.TestInvoker.invokeTestMethods(TestInvoker.java:203)
	at org.testng.internal.invokers.TestMethodWorker.invokeTestMethods(TestMethodWorker.java:154)
	at org.testng.internal.invokers.TestMethodWorker.run(TestMethodWorker.java:134)
	at java.base/java.util.ArrayList.forEach(ArrayList.java:1511)
	at org.testng.TestRunner.privateRun(TestRunner.java:741)
	at org.testng.TestRunner.run(TestRunner.java:616)
	at org.testng.SuiteRunner.runTest(SuiteRunner.java:421)
	at org.testng.SuiteRunner.runSequentially(SuiteRunner.java:413)
	at org.testng.SuiteRunner.privateRun(SuiteRunner.java:373)
	at org.testng.SuiteRunner.run(SuiteRunner.java:312)
	at org.testng.SuiteRunnerWorker.runSuite(SuiteRunnerWorker.java:52)
	at org.testng.SuiteRunnerWorker.run(SuiteRunnerWorker.java:95)
	at org.testng.TestNG.runSuitesSequentially(TestNG.java:1274)
	at org.testng.TestNG.runSuitesLocally(TestNG.java:1208)
	at org.testng.TestNG.runSuites(TestNG.java:1112)
	at org.testng.TestNG.run(TestNG.java:1079)
	at org.testng.remote.AbstractRemoteTestNG.run(AbstractRemoteTestNG.java:115)
	at org.testng.remote.RemoteTestNG.initAndRun(RemoteTestNG.java:293)
	at org.testng.remote.RemoteTestNG.main(RemoteTestNG.java:91)
</div></td></tr></table><p class="totop"><a href="#summary">back to summary</a></p>
<h3 id="m1">lms.LibraryManagementSystem.tests.LMSTest#DeleteAllBooksAndConfirmPageInfo</h3><table class="result"><tr><th>Exception</th></tr><tr><td><div class="stacktrace">java.lang.AssertionError: expected [Page 1 of 1] but found [Page 1 of 0]
	at org.testng.Assert.fail(Assert.java:111)
	at org.testng.Assert.failNotEquals(Assert.java:1590)
	at org.testng.Assert.assertEqualsImpl(Assert.java:150)
	at org.testng.Assert.assertEquals(Assert.java:132)
	at org.testng.Assert.assertEquals(Assert.java:656)
	at org.testng.Assert.assertEquals(Assert.java:666)
	at lms.LibraryManagementSystem.pageobjects.BookListPage.assertPageInfo(BookListPage.java:111)
	at lms.LibraryManagementSystem.tests.LMSTest.DeleteAllBooksAndConfirmPageInfo(LMSTest.java:274)
	at java.base/jdk.internal.reflect.NativeMethodAccessorImpl.invoke0(Native Method)
	at java.base/jdk.internal.reflect.NativeMethodAccessorImpl.invoke(NativeMethodAccessorImpl.java:77)
	at java.base/jdk.internal.reflect.DelegatingMethodAccessorImpl.invoke(DelegatingMethodAccessorImpl.java:43)
	at java.base/java.lang.reflect.Method.invoke(Method.java:568)
	at org.testng.internal.invokers.MethodInvocationHelper.invokeMethod(MethodInvocationHelper.java:141)
	at org.testng.internal.invokers.TestInvoker.invokeMethod(TestInvoker.java:687)
	at org.testng.internal.invokers.TestInvoker.invokeTestMethod(TestInvoker.java:230)
	at org.testng.internal.invokers.MethodRunner.runInSequence(MethodRunner.java:63)
	at org.testng.internal.invokers.TestInvoker$MethodInvocationAgent.invoke(TestInvoker.java:995)
	at org.testng.internal.invokers.TestInvoker.invokeTestMethods(TestInvoker.java:203)
	at org.testng.internal.invokers.TestMethodWorker.invokeTestMethods(TestMethodWorker.java:154)
	at org.testng.internal.invokers.TestMethodWorker.run(TestMethodWorker.java:134)
	at java.base/java.util.ArrayList.forEach(ArrayList.java:1511)
	at org.testng.TestRunner.privateRun(TestRunner.java:741)
	at org.testng.TestRunner.run(TestRunner.java:616)
	at org.testng.SuiteRunner.runTest(SuiteRunner.java:421)
	at org.testng.SuiteRunner.runSequentially(SuiteRunner.java:413)
	at org.testng.SuiteRunner.privateRun(SuiteRunner.java:373)
	at org.testng.SuiteRunner.run(SuiteRunner.java:312)
	at org.testng.SuiteRunnerWorker.runSuite(SuiteRunnerWorker.java:52)
	at org.testng.SuiteRunnerWorker.run(SuiteRunnerWorker.java:95)
	at org.testng.TestNG.runSuitesSequentially(TestNG.java:1274)
	at org.testng.TestNG.runSuitesLocally(TestNG.java:1208)
	at org.testng.TestNG.runSuites(TestNG.java:1112)
	at org.testng.TestNG.run(TestNG.java:1079)
	at org.testng.remote.AbstractRemoteTestNG.run(AbstractRemoteTestNG.java:115)
	at org.testng.remote.RemoteTestNG.initAndRun(RemoteTestNG.java:293)
	at org.testng.remote.RemoteTestNG.main(RemoteTestNG.java:91)
</div></td></tr></table><p class="totop"><a href="#summary">back to summary</a></p>
<h3 id="m2">lms.LibraryManagementSystem.tests.LMSTest#LogOutPageRedirectionValidation</h3><table class="result"><tr><th>Exception</th></tr><tr><td><div class="stacktrace">java.lang.AssertionError: expected [https://applicationforlibrarymanagementsystem.onrender.com/login] but found [https://applicationforlibrarymanagementsystem.onrender.com/books]
	at org.testng.Assert.fail(Assert.java:111)
	at org.testng.Assert.failNotEquals(Assert.java:1590)
	at org.testng.Assert.assertEqualsImpl(Assert.java:150)
	at org.testng.Assert.assertEquals(Assert.java:132)
	at org.testng.Assert.assertEquals(Assert.java:656)
	at org.testng.Assert.assertEquals(Assert.java:666)
	at lms.LibraryManagementSystem.tests.LMSTest.LogOutPageRedirectionValidation(LMSTest.java:322)
	at java.base/jdk.internal.reflect.NativeMethodAccessorImpl.invoke0(Native Method)
	at java.base/jdk.internal.reflect.NativeMethodAccessorImpl.invoke(NativeMethodAccessorImpl.java:77)
	at java.base/jdk.internal.reflect.DelegatingMethodAccessorImpl.invoke(DelegatingMethodAccessorImpl.java:43)
	at java.base/java.lang.reflect.Method.invoke(Method.java:568)
	at org.testng.internal.invokers.MethodInvocationHelper.invokeMethod(MethodInvocationHelper.java:141)
	at org.testng.internal.invokers.TestInvoker.invokeMethod(TestInvoker.java:687)
	at org.testng.internal.invokers.TestInvoker.invokeTestMethod(TestInvoker.java:230)
	at org.testng.internal.invokers.MethodRunner.runInSequence(MethodRunner.java:63)
	at org.testng.internal.invokers.TestInvoker$MethodInvocationAgent.invoke(TestInvoker.java:995)
	at org.testng.internal.invokers.TestInvoker.invokeTestMethods(TestInvoker.java:203)
	at org.testng.internal.invokers.TestMethodWorker.invokeTestMethods(TestMethodWorker.java:154)
	at org.testng.internal.invokers.TestMethodWorker.run(TestMethodWorker.java:134)
	at java.base/java.util.ArrayList.forEach(ArrayList.java:1511)
	at org.testng.TestRunner.privateRun(TestRunner.java:741)
	at org.testng.TestRunner.run(TestRunner.java:616)
	at org.testng.SuiteRunner.runTest(SuiteRunner.java:421)
	at org.testng.SuiteRunner.runSequentially(SuiteRunner.java:413)
	at org.testng.SuiteRunner.privateRun(SuiteRunner.java:373)
	at org.testng.SuiteRunner.run(SuiteRunner.java:312)
	at org.testng.SuiteRunnerWorker.runSuite(SuiteRunnerWorker.java:52)
	at org.testng.SuiteRunnerWorker.run(SuiteRunnerWorker.java:95)
	at org.testng.TestNG.runSuitesSequentially(TestNG.java:1274)
	at org.testng.TestNG.runSuitesLocally(TestNG.java:1208)
	at org.testng.TestNG.runSuites(TestNG.java:1112)
	at org.testng.TestNG.run(TestNG.java:1079)
	at org.testng.remote.AbstractRemoteTestNG.run(AbstractRemoteTestNG.java:115)
	at org.testng.remote.RemoteTestNG.initAndRun(RemoteTestNG.java:293)
	at org.testng.remote.RemoteTestNG.main(RemoteTestNG.java:91)
</div></td></tr></table><p class="totop"><a href="#summary">back to summary</a></p>
<h3 id="m3">lms.LibraryManagementSystem.tests.LMSTest#AddBookAndConfirm</h3><table class="result"><tr><th class="invisible"/></tr></table><p class="totop"><a href="#summary">back to summary</a></p>
<h3 id="m4">lms.LibraryManagementSystem.tests.LMSTest#AddBookPageURLCheck</h3><table class="result"><tr><th class="invisible"/></tr></table><p class="totop"><a href="#summary">back to summary</a></p>
<h3 id="m5">lms.LibraryManagementSystem.tests.LMSTest#AddBookWithBlankAuthorAndConfirm</h3><table class="result"><tr><th class="invisible"/></tr></table><p class="totop"><a href="#summary">back to summary</a></p>
<h3 id="m6">lms.LibraryManagementSystem.tests.LMSTest#AddBookWithBlankDateAndConfirm</h3><table class="result"><tr><th class="invisible"/></tr></table><p class="totop"><a href="#summary">back to summary</a></p>
<h3 id="m7">lms.LibraryManagementSystem.tests.LMSTest#AddBookWithBlankGenreAndConfirm</h3><table class="result"><tr><th class="invisible"/></tr></table><p class="totop"><a href="#summary">back to summary</a></p>
<h3 id="m8">lms.LibraryManagementSystem.tests.LMSTest#AddBookWithBlankISBNAndConfirm</h3><table class="result"><tr><th class="invisible"/></tr></table><p class="totop"><a href="#summary">back to summary</a></p>
<h3 id="m9">lms.LibraryManagementSystem.tests.LMSTest#AddBookWithBlankPriceAndConfirm</h3><table class="result"><tr><th class="invisible"/></tr></table><p class="totop"><a href="#summary">back to summary</a></p>
<h3 id="m10">lms.LibraryManagementSystem.tests.LMSTest#AddBookWithBlankTitleAndConfirm</h3><table class="result"><tr><th class="invisible"/></tr></table><p class="totop"><a href="#summary">back to summary</a></p>
<h3 id="m11">lms.LibraryManagementSystem.tests.LMSTest#AddBookWithInvalidDataOrBlankSubmissionAndConfirm</h3><table class="result"><tr><th class="invisible"/></tr></table><p class="totop"><a href="#summary">back to summary</a></p>
<h3 id="m12">lms.LibraryManagementSystem.tests.LMSTest#DeleteBookAndConfirm</h3><table class="result"><tr><th class="invisible"/></tr></table><p class="totop"><a href="#summary">back to summary</a></p>
<h3 id="m13">lms.LibraryManagementSystem.tests.LMSTest#EditBookPageURLCheck</h3><table class="result"><tr><th class="invisible"/></tr></table><p class="totop"><a href="#summary">back to summary</a></p>
<h3 id="m14">lms.LibraryManagementSystem.tests.LMSTest#InvalidUserLoginFailErrorMessageValidation</h3><table class="result"><tr><th class="invisible"/></tr></table><p class="totop"><a href="#summary">back to summary</a></p>
<h3 id="m15">lms.LibraryManagementSystem.tests.LMSTest#InvokeLoginPageFromTaskPageLink</h3><table class="result"><tr><th class="invisible"/></tr></table><p class="totop"><a href="#summary">back to summary</a></p>
<h3 id="m16">lms.LibraryManagementSystem.tests.LMSTest#LoginWithBlankSubmissionErrorMessageValidation</h3><table class="result"><tr><th class="invisible"/></tr></table><p class="totop"><a href="#summary">back to summary</a></p>
<h3 id="m17">lms.LibraryManagementSystem.tests.LMSTest#editBookWithBlankTitleAndConfirm</h3><table class="result"><tr><th class="invisible"/></tr></table><p class="totop"><a href="#summary">back to summary</a></p>
<h3 id="m18">lms.LibraryManagementSystem.tests.LMSTest#editBookWithValidateAndConfirm</h3><table class="result"><tr><th class="invisible"/></tr></table><p class="totop"><a href="#summary">back to summary</a></p>
</body>
</html>
