<?xml version="1.0" encoding="UTF-8"?>
<testng-results ignored="0" total="19" passed="16" failed="3" skipped="0">
  <reporter-output>
  </reporter-output>
  <suite started-at="2025-03-02T23:17:30 GMT" name="Default suite" finished-at="2025-03-02T23:18:24 GMT" duration-ms="54359">
    <groups>
    </groups>
    <test started-at="2025-03-02T23:17:30 GMT" name="Default test" finished-at="2025-03-02T23:18:24 GMT" duration-ms="54359">
      <class name="lms.LibraryManagementSystem.tests.LMSTest">
        <test-method signature="AddBookAndConfirm()[pri:0, instance:lms.LibraryManagementSystem.tests.LMSTest@17f62e33]" started-at="2025-03-02T23:17:30 GMT" name="AddBookAndConfirm" finished-at="2025-03-02T23:17:34 GMT" duration-ms="4135" status="PASS">
          <reporter-output>
          </reporter-output>
        </test-method> <!-- AddBookAndConfirm -->
        <test-method is-config="true" signature="tearDown()[pri:0, instance:lms.LibraryManagementSystem.tests.LMSTest@17f62e33]" started-at="2025-03-02T23:17:34 GMT" name="tearDown" finished-at="2025-03-02T23:17:34 GMT" duration-ms="217" status="PASS">
          <reporter-output>
          </reporter-output>
        </test-method> <!-- tearDown -->
        <test-method signature="AddBookPageURLCheck()[pri:0, instance:lms.LibraryManagementSystem.tests.LMSTest@17f62e33]" started-at="2025-03-02T23:17:34 GMT" name="AddBookPageURLCheck" finished-at="2025-03-02T23:17:37 GMT" duration-ms="2787" status="PASS">
          <reporter-output>
          </reporter-output>
        </test-method> <!-- AddBookPageURLCheck -->
        <test-method is-config="true" signature="tearDown()[pri:0, instance:lms.LibraryManagementSystem.tests.LMSTest@17f62e33]" started-at="2025-03-02T23:17:37 GMT" name="tearDown" finished-at="2025-03-02T23:17:37 GMT" duration-ms="160" status="PASS">
          <reporter-output>
          </reporter-output>
        </test-method> <!-- tearDown -->
        <test-method signature="AddBookWithBlankAuthorAndConfirm()[pri:0, instance:lms.LibraryManagementSystem.tests.LMSTest@17f62e33]" started-at="2025-03-02T23:17:37 GMT" name="AddBookWithBlankAuthorAndConfirm" finished-at="2025-03-02T23:17:40 GMT" duration-ms="2611" status="PASS">
          <reporter-output>
          </reporter-output>
        </test-method> <!-- AddBookWithBlankAuthorAndConfirm -->
        <test-method is-config="true" signature="tearDown()[pri:0, instance:lms.LibraryManagementSystem.tests.LMSTest@17f62e33]" started-at="2025-03-02T23:17:40 GMT" name="tearDown" finished-at="2025-03-02T23:17:40 GMT" duration-ms="164" status="PASS">
          <reporter-output>
          </reporter-output>
        </test-method> <!-- tearDown -->
        <test-method signature="AddBookWithBlankDateAndConfirm()[pri:0, instance:lms.LibraryManagementSystem.tests.LMSTest@17f62e33]" started-at="2025-03-02T23:17:40 GMT" name="AddBookWithBlankDateAndConfirm" finished-at="2025-03-02T23:17:42 GMT" duration-ms="2512" status="PASS">
          <reporter-output>
          </reporter-output>
        </test-method> <!-- AddBookWithBlankDateAndConfirm -->
        <test-method is-config="true" signature="tearDown()[pri:0, instance:lms.LibraryManagementSystem.tests.LMSTest@17f62e33]" started-at="2025-03-02T23:17:42 GMT" name="tearDown" finished-at="2025-03-02T23:17:42 GMT" duration-ms="159" status="PASS">
          <reporter-output>
          </reporter-output>
        </test-method> <!-- tearDown -->
        <test-method signature="AddBookWithBlankGenreAndConfirm()[pri:0, instance:lms.LibraryManagementSystem.tests.LMSTest@17f62e33]" started-at="2025-03-02T23:17:42 GMT" name="AddBookWithBlankGenreAndConfirm" finished-at="2025-03-02T23:17:45 GMT" duration-ms="2874" status="PASS">
          <reporter-output>
          </reporter-output>
        </test-method> <!-- AddBookWithBlankGenreAndConfirm -->
        <test-method is-config="true" signature="tearDown()[pri:0, instance:lms.LibraryManagementSystem.tests.LMSTest@17f62e33]" started-at="2025-03-02T23:17:45 GMT" name="tearDown" finished-at="2025-03-02T23:17:45 GMT" duration-ms="186" status="PASS">
          <reporter-output>
          </reporter-output>
        </test-method> <!-- tearDown -->
        <test-method signature="AddBookWithBlankISBNAndConfirm()[pri:0, instance:lms.LibraryManagementSystem.tests.LMSTest@17f62e33]" started-at="2025-03-02T23:17:45 GMT" name="AddBookWithBlankISBNAndConfirm" finished-at="2025-03-02T23:17:48 GMT" duration-ms="2617" status="PASS">
          <reporter-output>
          </reporter-output>
        </test-method> <!-- AddBookWithBlankISBNAndConfirm -->
        <test-method is-config="true" signature="tearDown()[pri:0, instance:lms.LibraryManagementSystem.tests.LMSTest@17f62e33]" started-at="2025-03-02T23:17:48 GMT" name="tearDown" finished-at="2025-03-02T23:17:48 GMT" duration-ms="155" status="PASS">
          <reporter-output>
          </reporter-output>
        </test-method> <!-- tearDown -->
        <test-method signature="AddBookWithBlankPriceAndConfirm()[pri:0, instance:lms.LibraryManagementSystem.tests.LMSTest@17f62e33]" started-at="2025-03-02T23:17:48 GMT" name="AddBookWithBlankPriceAndConfirm" finished-at="2025-03-02T23:17:51 GMT" duration-ms="2515" status="PASS">
          <reporter-output>
          </reporter-output>
        </test-method> <!-- AddBookWithBlankPriceAndConfirm -->
        <test-method is-config="true" signature="tearDown()[pri:0, instance:lms.LibraryManagementSystem.tests.LMSTest@17f62e33]" started-at="2025-03-02T23:17:51 GMT" name="tearDown" finished-at="2025-03-02T23:17:51 GMT" duration-ms="192" status="PASS">
          <reporter-output>
          </reporter-output>
        </test-method> <!-- tearDown -->
        <test-method signature="AddBookWithBlankTitleAndConfirm()[pri:0, instance:lms.LibraryManagementSystem.tests.LMSTest@17f62e33]" started-at="2025-03-02T23:17:51 GMT" name="AddBookWithBlankTitleAndConfirm" finished-at="2025-03-02T23:17:53 GMT" duration-ms="2439" status="PASS">
          <reporter-output>
          </reporter-output>
        </test-method> <!-- AddBookWithBlankTitleAndConfirm -->
        <test-method is-config="true" signature="tearDown()[pri:0, instance:lms.LibraryManagementSystem.tests.LMSTest@17f62e33]" started-at="2025-03-02T23:17:53 GMT" name="tearDown" finished-at="2025-03-02T23:17:54 GMT" duration-ms="188" status="PASS">
          <reporter-output>
          </reporter-output>
        </test-method> <!-- tearDown -->
        <test-method signature="AddBookWithInvalidDataOrBlankSubmissionAndConfirm()[pri:0, instance:lms.LibraryManagementSystem.tests.LMSTest@17f62e33]" started-at="2025-03-02T23:17:54 GMT" name="AddBookWithInvalidDataOrBlankSubmissionAndConfirm" finished-at="2025-03-02T23:17:56 GMT" duration-ms="2537" status="PASS">
          <reporter-output>
          </reporter-output>
        </test-method> <!-- AddBookWithInvalidDataOrBlankSubmissionAndConfirm -->
        <test-method is-config="true" signature="tearDown()[pri:0, instance:lms.LibraryManagementSystem.tests.LMSTest@17f62e33]" started-at="2025-03-02T23:17:56 GMT" name="tearDown" finished-at="2025-03-02T23:17:56 GMT" duration-ms="158" status="PASS">
          <reporter-output>
          </reporter-output>
        </test-method> <!-- tearDown -->
        <test-method signature="AddBookWithInvalidDateAndConfirm()[pri:0, instance:lms.LibraryManagementSystem.tests.LMSTest@17f62e33]" started-at="2025-03-02T23:17:56 GMT" name="AddBookWithInvalidDateAndConfirm" finished-at="2025-03-02T23:17:59 GMT" duration-ms="2843" status="FAIL">
          <exception class="java.lang.AssertionError">
            <message>
              <![CDATA[expected [https://applicationforlibrarymanagementsystem.onrender.com/add-book] but found [https://applicationforlibrarymanagementsystem.onrender.com/books]]]>
            </message>
            <full-stacktrace>
              <![CDATA[java.lang.AssertionError: expected [https://applicationforlibrarymanagementsystem.onrender.com/add-book] but found [https://applicationforlibrarymanagementsystem.onrender.com/books]
at org.testng.Assert.fail(Assert.java:111)
at org.testng.Assert.failNotEquals(Assert.java:1590)
at org.testng.Assert.assertEqualsImpl(Assert.java:150)
at org.testng.Assert.assertEquals(Assert.java:132)
at org.testng.Assert.assertEquals(Assert.java:656)
at org.testng.Assert.assertEquals(Assert.java:666)
at lms.LibraryManagementSystem.tests.LMSTest.AddBookWithInvalidDateAndConfirm(LMSTest.java:171)
at java.base/jdk.internal.reflect.NativeMethodAccessorImpl.invoke0(Native Method)
at java.base/jdk.internal.reflect.NativeMethodAccessorImpl.invoke(NativeMethodAccessorImpl.java:77)
at java.base/jdk.internal.reflect.DelegatingMethodAccessorImpl.invoke(DelegatingMethodAccessorImpl.java:43)
at java.base/java.lang.reflect.Method.invoke(Method.java:568)
at org.testng.internal.invokers.MethodInvocationHelper.invokeMethod(MethodInvocationHelper.java:141)
at org.testng.internal.invokers.TestInvoker.invokeMethod(TestInvoker.java:687)
at org.testng.internal.invokers.TestInvoker.invokeTestMethod(TestInvoker.java:230)
at org.testng.internal.invokers.MethodRunner.runInSequence(MethodRunner.java:63)
at org.testng.internal.invokers.TestInvoker$MethodInvocationAgent.invoke(TestInvoker.java:995)
at org.testng.internal.invokers.TestInvoker.invokeTestMethods(TestInvoker.java:203)
at org.testng.internal.invokers.TestMethodWorker.invokeTestMethods(TestMethodWorker.java:154)
at org.testng.internal.invokers.TestMethodWorker.run(TestMethodWorker.java:134)
at java.base/java.util.ArrayList.forEach(ArrayList.java:1511)
at org.testng.TestRunner.privateRun(TestRunner.java:741)
at org.testng.TestRunner.run(TestRunner.java:616)
at org.testng.SuiteRunner.runTest(SuiteRunner.java:421)
at org.testng.SuiteRunner.runSequentially(SuiteRunner.java:413)
at org.testng.SuiteRunner.privateRun(SuiteRunner.java:373)
at org.testng.SuiteRunner.run(SuiteRunner.java:312)
at org.testng.SuiteRunnerWorker.runSuite(SuiteRunnerWorker.java:52)
at org.testng.SuiteRunnerWorker.run(SuiteRunnerWorker.java:95)
at org.testng.TestNG.runSuitesSequentially(TestNG.java:1274)
at org.testng.TestNG.runSuitesLocally(TestNG.java:1208)
at org.testng.TestNG.runSuites(TestNG.java:1112)
at org.testng.TestNG.run(TestNG.java:1079)
at org.testng.remote.AbstractRemoteTestNG.run(AbstractRemoteTestNG.java:115)
at org.testng.remote.RemoteTestNG.initAndRun(RemoteTestNG.java:293)
at org.testng.remote.RemoteTestNG.main(RemoteTestNG.java:91)
]]>
            </full-stacktrace>
          </exception> <!-- java.lang.AssertionError -->
          <reporter-output>
          </reporter-output>
        </test-method> <!-- AddBookWithInvalidDateAndConfirm -->
        <test-method is-config="true" signature="tearDown()[pri:0, instance:lms.LibraryManagementSystem.tests.LMSTest@17f62e33]" started-at="2025-03-02T23:17:59 GMT" name="tearDown" finished-at="2025-03-02T23:17:59 GMT" duration-ms="169" status="PASS">
          <reporter-output>
          </reporter-output>
        </test-method> <!-- tearDown -->
        <test-method signature="DeleteAllBooksAndConfirmPageInfo()[pri:0, instance:lms.LibraryManagementSystem.tests.LMSTest@17f62e33]" started-at="2025-03-02T23:17:59 GMT" name="DeleteAllBooksAndConfirmPageInfo" finished-at="2025-03-02T23:18:05 GMT" duration-ms="5262" status="FAIL">
          <exception class="java.lang.AssertionError">
            <message>
              <![CDATA[expected [Page 1 of 1] but found [Page 1 of 0]]]>
            </message>
            <full-stacktrace>
              <![CDATA[java.lang.AssertionError: expected [Page 1 of 1] but found [Page 1 of 0]
at org.testng.Assert.fail(Assert.java:111)
at org.testng.Assert.failNotEquals(Assert.java:1590)
at org.testng.Assert.assertEqualsImpl(Assert.java:150)
at org.testng.Assert.assertEquals(Assert.java:132)
at org.testng.Assert.assertEquals(Assert.java:656)
at org.testng.Assert.assertEquals(Assert.java:666)
at lms.LibraryManagementSystem.pageobjects.BookListPage.assertPageInfo(BookListPage.java:111)
at lms.LibraryManagementSystem.tests.LMSTest.DeleteAllBooksAndConfirmPageInfo(LMSTest.java:274)
at java.base/jdk.internal.reflect.NativeMethodAccessorImpl.invoke0(Native Method)
at java.base/jdk.internal.reflect.NativeMethodAccessorImpl.invoke(NativeMethodAccessorImpl.java:77)
at java.base/jdk.internal.reflect.DelegatingMethodAccessorImpl.invoke(DelegatingMethodAccessorImpl.java:43)
at java.base/java.lang.reflect.Method.invoke(Method.java:568)
at org.testng.internal.invokers.MethodInvocationHelper.invokeMethod(MethodInvocationHelper.java:141)
at org.testng.internal.invokers.TestInvoker.invokeMethod(TestInvoker.java:687)
at org.testng.internal.invokers.TestInvoker.invokeTestMethod(TestInvoker.java:230)
at org.testng.internal.invokers.MethodRunner.runInSequence(MethodRunner.java:63)
at org.testng.internal.invokers.TestInvoker$MethodInvocationAgent.invoke(TestInvoker.java:995)
at org.testng.internal.invokers.TestInvoker.invokeTestMethods(TestInvoker.java:203)
at org.testng.internal.invokers.TestMethodWorker.invokeTestMethods(TestMethodWorker.java:154)
at org.testng.internal.invokers.TestMethodWorker.run(TestMethodWorker.java:134)
at java.base/java.util.ArrayList.forEach(ArrayList.java:1511)
at org.testng.TestRunner.privateRun(TestRunner.java:741)
at org.testng.TestRunner.run(TestRunner.java:616)
at org.testng.SuiteRunner.runTest(SuiteRunner.java:421)
at org.testng.SuiteRunner.runSequentially(SuiteRunner.java:413)
at org.testng.SuiteRunner.privateRun(SuiteRunner.java:373)
at org.testng.SuiteRunner.run(SuiteRunner.java:312)
at org.testng.SuiteRunnerWorker.runSuite(SuiteRunnerWorker.java:52)
at org.testng.SuiteRunnerWorker.run(SuiteRunnerWorker.java:95)
at org.testng.TestNG.runSuitesSequentially(TestNG.java:1274)
at org.testng.TestNG.runSuitesLocally(TestNG.java:1208)
at org.testng.TestNG.runSuites(TestNG.java:1112)
at org.testng.TestNG.run(TestNG.java:1079)
at org.testng.remote.AbstractRemoteTestNG.run(AbstractRemoteTestNG.java:115)
at org.testng.remote.RemoteTestNG.initAndRun(RemoteTestNG.java:293)
at org.testng.remote.RemoteTestNG.main(RemoteTestNG.java:91)
]]>
            </full-stacktrace>
          </exception> <!-- java.lang.AssertionError -->
          <reporter-output>
          </reporter-output>
        </test-method> <!-- DeleteAllBooksAndConfirmPageInfo -->
        <test-method is-config="true" signature="tearDown()[pri:0, instance:lms.LibraryManagementSystem.tests.LMSTest@17f62e33]" started-at="2025-03-02T23:18:05 GMT" name="tearDown" finished-at="2025-03-02T23:18:05 GMT" duration-ms="176" status="PASS">
          <reporter-output>
          </reporter-output>
        </test-method> <!-- tearDown -->
        <test-method signature="DeleteBookAndConfirm()[pri:0, instance:lms.LibraryManagementSystem.tests.LMSTest@17f62e33]" started-at="2025-03-02T23:18:05 GMT" name="DeleteBookAndConfirm" finished-at="2025-03-02T23:18:07 GMT" duration-ms="2667" status="PASS">
          <reporter-output>
          </reporter-output>
        </test-method> <!-- DeleteBookAndConfirm -->
        <test-method is-config="true" signature="tearDown()[pri:0, instance:lms.LibraryManagementSystem.tests.LMSTest@17f62e33]" started-at="2025-03-02T23:18:07 GMT" name="tearDown" finished-at="2025-03-02T23:18:08 GMT" duration-ms="164" status="PASS">
          <reporter-output>
          </reporter-output>
        </test-method> <!-- tearDown -->
        <test-method signature="EditBookPageURLCheck()[pri:0, instance:lms.LibraryManagementSystem.tests.LMSTest@17f62e33]" started-at="2025-03-02T23:18:08 GMT" name="EditBookPageURLCheck" finished-at="2025-03-02T23:18:09 GMT" duration-ms="1851" status="PASS">
          <reporter-output>
          </reporter-output>
        </test-method> <!-- EditBookPageURLCheck -->
        <test-method is-config="true" signature="tearDown()[pri:0, instance:lms.LibraryManagementSystem.tests.LMSTest@17f62e33]" started-at="2025-03-02T23:18:09 GMT" name="tearDown" finished-at="2025-03-02T23:18:10 GMT" duration-ms="152" status="PASS">
          <reporter-output>
          </reporter-output>
        </test-method> <!-- tearDown -->
        <test-method signature="InvalidUserLoginFailErrorMessageValidation()[pri:0, instance:lms.LibraryManagementSystem.tests.LMSTest@17f62e33]" started-at="2025-03-02T23:18:10 GMT" name="InvalidUserLoginFailErrorMessageValidation" finished-at="2025-03-02T23:18:11 GMT" duration-ms="1852" status="PASS">
          <reporter-output>
          </reporter-output>
        </test-method> <!-- InvalidUserLoginFailErrorMessageValidation -->
        <test-method is-config="true" signature="tearDown()[pri:0, instance:lms.LibraryManagementSystem.tests.LMSTest@17f62e33]" started-at="2025-03-02T23:18:11 GMT" name="tearDown" finished-at="2025-03-02T23:18:12 GMT" duration-ms="138" status="PASS">
          <reporter-output>
          </reporter-output>
        </test-method> <!-- tearDown -->
        <test-method signature="InvokeLoginPageFromTaskPageLink()[pri:0, instance:lms.LibraryManagementSystem.tests.LMSTest@17f62e33]" started-at="2025-03-02T23:18:12 GMT" name="InvokeLoginPageFromTaskPageLink" finished-at="2025-03-02T23:18:13 GMT" duration-ms="1572" status="PASS">
          <reporter-output>
          </reporter-output>
        </test-method> <!-- InvokeLoginPageFromTaskPageLink -->
        <test-method is-config="true" signature="tearDown()[pri:0, instance:lms.LibraryManagementSystem.tests.LMSTest@17f62e33]" started-at="2025-03-02T23:18:13 GMT" name="tearDown" finished-at="2025-03-02T23:18:13 GMT" duration-ms="117" status="PASS">
          <reporter-output>
          </reporter-output>
        </test-method> <!-- tearDown -->
        <test-method signature="LogOutPageRedirectionValidation()[pri:0, instance:lms.LibraryManagementSystem.tests.LMSTest@17f62e33]" started-at="2025-03-02T23:18:13 GMT" name="LogOutPageRedirectionValidation" finished-at="2025-03-02T23:18:17 GMT" duration-ms="4171" status="FAIL">
          <exception class="java.lang.AssertionError">
            <message>
              <![CDATA[expected [https://applicationforlibrarymanagementsystem.onrender.com/login] but found [https://applicationforlibrarymanagementsystem.onrender.com/books]]]>
            </message>
            <full-stacktrace>
              <![CDATA[java.lang.AssertionError: expected [https://applicationforlibrarymanagementsystem.onrender.com/login] but found [https://applicationforlibrarymanagementsystem.onrender.com/books]
at org.testng.Assert.fail(Assert.java:111)
at org.testng.Assert.failNotEquals(Assert.java:1590)
at org.testng.Assert.assertEqualsImpl(Assert.java:150)
at org.testng.Assert.assertEquals(Assert.java:132)
at org.testng.Assert.assertEquals(Assert.java:656)
at org.testng.Assert.assertEquals(Assert.java:666)
at lms.LibraryManagementSystem.tests.LMSTest.LogOutPageRedirectionValidation(LMSTest.java:322)
at java.base/jdk.internal.reflect.NativeMethodAccessorImpl.invoke0(Native Method)
at java.base/jdk.internal.reflect.NativeMethodAccessorImpl.invoke(NativeMethodAccessorImpl.java:77)
at java.base/jdk.internal.reflect.DelegatingMethodAccessorImpl.invoke(DelegatingMethodAccessorImpl.java:43)
at java.base/java.lang.reflect.Method.invoke(Method.java:568)
at org.testng.internal.invokers.MethodInvocationHelper.invokeMethod(MethodInvocationHelper.java:141)
at org.testng.internal.invokers.TestInvoker.invokeMethod(TestInvoker.java:687)
at org.testng.internal.invokers.TestInvoker.invokeTestMethod(TestInvoker.java:230)
at org.testng.internal.invokers.MethodRunner.runInSequence(MethodRunner.java:63)
at org.testng.internal.invokers.TestInvoker$MethodInvocationAgent.invoke(TestInvoker.java:995)
at org.testng.internal.invokers.TestInvoker.invokeTestMethods(TestInvoker.java:203)
at org.testng.internal.invokers.TestMethodWorker.invokeTestMethods(TestMethodWorker.java:154)
at org.testng.internal.invokers.TestMethodWorker.run(TestMethodWorker.java:134)
at java.base/java.util.ArrayList.forEach(ArrayList.java:1511)
at org.testng.TestRunner.privateRun(TestRunner.java:741)
at org.testng.TestRunner.run(TestRunner.java:616)
at org.testng.SuiteRunner.runTest(SuiteRunner.java:421)
at org.testng.SuiteRunner.runSequentially(SuiteRunner.java:413)
at org.testng.SuiteRunner.privateRun(SuiteRunner.java:373)
at org.testng.SuiteRunner.run(SuiteRunner.java:312)
at org.testng.SuiteRunnerWorker.runSuite(SuiteRunnerWorker.java:52)
at org.testng.SuiteRunnerWorker.run(SuiteRunnerWorker.java:95)
at org.testng.TestNG.runSuitesSequentially(TestNG.java:1274)
at org.testng.TestNG.runSuitesLocally(TestNG.java:1208)
at org.testng.TestNG.runSuites(TestNG.java:1112)
at org.testng.TestNG.run(TestNG.java:1079)
at org.testng.remote.AbstractRemoteTestNG.run(AbstractRemoteTestNG.java:115)
at org.testng.remote.RemoteTestNG.initAndRun(RemoteTestNG.java:293)
at org.testng.remote.RemoteTestNG.main(RemoteTestNG.java:91)
]]>
            </full-stacktrace>
          </exception> <!-- java.lang.AssertionError -->
          <reporter-output>
          </reporter-output>
        </test-method> <!-- LogOutPageRedirectionValidation -->
        <test-method is-config="true" signature="tearDown()[pri:0, instance:lms.LibraryManagementSystem.tests.LMSTest@17f62e33]" started-at="2025-03-02T23:18:17 GMT" name="tearDown" finished-at="2025-03-02T23:18:18 GMT" duration-ms="163" status="PASS">
          <reporter-output>
          </reporter-output>
        </test-method> <!-- tearDown -->
        <test-method signature="LoginWithBlankSubmissionErrorMessageValidation()[pri:0, instance:lms.LibraryManagementSystem.tests.LMSTest@17f62e33]" started-at="2025-03-02T23:18:18 GMT" name="LoginWithBlankSubmissionErrorMessageValidation" finished-at="2025-03-02T23:18:19 GMT" duration-ms="1763" status="PASS">
          <reporter-output>
          </reporter-output>
        </test-method> <!-- LoginWithBlankSubmissionErrorMessageValidation -->
        <test-method is-config="true" signature="tearDown()[pri:0, instance:lms.LibraryManagementSystem.tests.LMSTest@17f62e33]" started-at="2025-03-02T23:18:19 GMT" name="tearDown" finished-at="2025-03-02T23:18:20 GMT" duration-ms="148" status="PASS">
          <reporter-output>
          </reporter-output>
        </test-method> <!-- tearDown -->
        <test-method signature="editBookWithBlankTitleAndConfirm()[pri:0, instance:lms.LibraryManagementSystem.tests.LMSTest@17f62e33]" started-at="2025-03-02T23:18:20 GMT" name="editBookWithBlankTitleAndConfirm" finished-at="2025-03-02T23:18:22 GMT" duration-ms="2068" status="PASS">
          <reporter-output>
          </reporter-output>
        </test-method> <!-- editBookWithBlankTitleAndConfirm -->
        <test-method is-config="true" signature="tearDown()[pri:0, instance:lms.LibraryManagementSystem.tests.LMSTest@17f62e33]" started-at="2025-03-02T23:18:22 GMT" name="tearDown" finished-at="2025-03-02T23:18:22 GMT" duration-ms="157" status="PASS">
          <reporter-output>
          </reporter-output>
        </test-method> <!-- tearDown -->
        <test-method signature="editBookWithValidateAndConfirm()[pri:0, instance:lms.LibraryManagementSystem.tests.LMSTest@17f62e33]" started-at="2025-03-02T23:18:22 GMT" name="editBookWithValidateAndConfirm" finished-at="2025-03-02T23:18:24 GMT" duration-ms="2101" status="PASS">
          <reporter-output>
          </reporter-output>
        </test-method> <!-- editBookWithValidateAndConfirm -->
        <test-method is-config="true" signature="tearDown()[pri:0, instance:lms.LibraryManagementSystem.tests.LMSTest@17f62e33]" started-at="2025-03-02T23:18:24 GMT" name="tearDown" finished-at="2025-03-02T23:18:24 GMT" duration-ms="141" status="PASS">
          <reporter-output>
          </reporter-output>
        </test-method> <!-- tearDown -->
      </class> <!-- lms.LibraryManagementSystem.tests.LMSTest -->
    </test> <!-- Default test -->
  </suite> <!-- Default suite -->
</testng-results>
