<?xml version="1.0" encoding="UTF-8"?>
<!-- Generated by org.testng.reporters.JUnitXMLReporter -->
<testsuite ignored="0" hostname="Swapna_Parsha" failures="1" tests="11" name="Test" time="31.617" errors="0" timestamp="2025-02-27T13:07:10 GMT">
  <testcase classname="lms.LibraryManagementSystem.tests.LMSTest" name="AddBookAndConfirm" time="3.249"/>
  <testcase classname="lms.LibraryManagementSystem.tests.LMSTest" name="AddBookPageURLCheck" time="1.933"/>
  <testcase classname="lms.LibraryManagementSystem.tests.LMSTest" name="AddBookWithBlankTitleAndConfirm" time="2.821"/>
  <testcase classname="lms.LibraryManagementSystem.tests.LMSTest" name="AddBookWithInvalidDataAndConfirm" time="2.118"/>
  <testcase classname="lms.LibraryManagementSystem.tests.LMSTest" name="DeleteBookAndConfirm" time="3.998"/>
  <testcase classname="lms.LibraryManagementSystem.tests.LMSTest" name="EditBookPageURLCheck" time="1.868"/>
  <testcase classname="lms.LibraryManagementSystem.tests.LMSTest" name="InvalidUserLoginFailErrorMessageValidation" time="3.715"/>
  <testcase classname="lms.LibraryManagementSystem.tests.LMSTest" name="LogOutPageRedirectionValidation" time="3.86">
    <failure type="java.lang.AssertionError" message="expected [https://applicationforlibrarymanagementsystem.onrender.com/books] but found [https://applicationforlibrarymanagementsystem.onrender.com/login]">
      <![CDATA[java.lang.AssertionError: expected [https://applicationforlibrarymanagementsystem.onrender.com/books] but found [https://applicationforlibrarymanagementsystem.onrender.com/login]
at lms.LibraryManagementSystem.tests.LMSTest.LogOutPageRedirectionValidation(LMSTest.java:216)
at java.base/java.util.ArrayList.forEach(ArrayList.java:1511)
... Removed 33 stack frames]]>
    </failure>
  </testcase> <!-- LogOutPageRedirectionValidation -->
  <testcase classname="lms.LibraryManagementSystem.tests.LMSTest" name="LoginWithBlankSubmissionErrorMessageValidation" time="2.121"/>
  <testcase classname="lms.LibraryManagementSystem.tests.LMSTest" name="editBookWithBlankTitleAndConfirm" time="1.988"/>
  <testcase classname="lms.LibraryManagementSystem.tests.LMSTest" name="editBookWithValidateAndConfirm" time="2.087"/>
</testsuite> <!-- Test -->
